[debug] [2021-10-15T21:59:23.628Z] ----------------------------------------------------------------------
[debug] [2021-10-15T21:59:23.632Z] Command:       C:\Program Files\nodejs\node.exe C:\Users\Juan Camilo Cardona\AppData\Roaming\npm\node_modules\firebase-tools\lib\bin\firebase.js init
[debug] [2021-10-15T21:59:23.632Z] CLI Version:   9.20.0
[debug] [2021-10-15T21:59:23.632Z] Platform:      win32
[debug] [2021-10-15T21:59:23.632Z] Node Version:  v14.18.1
[debug] [2021-10-15T21:59:23.634Z] Time:          Fri Oct 15 2021 16:59:23 GMT-0500 (Colombia Standard Time)
[debug] [2021-10-15T21:59:23.634Z] ----------------------------------------------------------------------
[debug] 
[debug] [2021-10-15T21:59:23.646Z] > command requires scopes: ["email","openid","https://www.googleapis.com/auth/cloudplatformprojects.readonly","https://www.googleapis.com/auth/firebase","https://www.googleapis.com/auth/cloud-platform"]
[debug] [2021-10-15T21:59:23.646Z] > authorizing via signed-in user (juancamilo19997814@gmail.com)
[info] 
     ######## #### ########  ######## ########     ###     ######  ########
     ##        ##  ##     ## ##       ##     ##  ##   ##  ##       ##
     ######    ##  ########  ######   ########  #########  ######  ######
     ##        ##  ##    ##  ##       ##     ## ##     ##       ## ##
     ##       #### ##     ## ######## ########  ##     ##  ######  ########

You're about to initialize a Firebase project in this directory:

  C:\Users\Juan Camilo Cardona\Downloads\chat-app

[info] 
=== Project Setup
[info] 
[info] First, let's associate this project directory with a Firebase project.
[info] You can create multiple project aliases by running firebase use --add, 
[info] but for now we'll just set up a default project.
[info] 
